<?xml version="1.0" encoding="UTF-8"?>
<coverage generated="1715955532880" clover="3.2.0">
  <project timestamp="1715955532880" name="All files">
    <metrics statements="56" coveredstatements="28" conditionals="9" coveredconditionals="4" methods="13" coveredmethods="4" elements="78" coveredelements="36" complexity="0" loc="56" ncloc="56" packages="2" files="4" classes="4"/>
    <package name="ts">
      <metrics statements="54" coveredstatements="27" conditionals="9" coveredconditionals="4" methods="12" coveredmethods="4"/>
      <file name="functions.ts" path="C:\Users\carol\Medieinstitutet\Kurs-7-Testning\test-unittest-assignment-main\src\ts\functions.ts">
        <metrics statements="11" coveredstatements="5" conditionals="2" coveredconditionals="0" methods="3" coveredmethods="1"/>
        <line num="2" count="2" type="stmt"/>
        <line num="4" count="2" type="stmt"/>
        <line num="5" count="0" type="cond" truecount="0" falsecount="2"/>
        <line num="6" count="0" type="stmt"/>
        <line num="7" count="0" type="stmt"/>
        <line num="8" count="0" type="stmt"/>
        <line num="10" count="0" type="stmt"/>
        <line num="15" count="2" type="stmt"/>
        <line num="16" count="2" type="stmt"/>
        <line num="19" count="2" type="stmt"/>
        <line num="20" count="0" type="stmt"/>
      </file>
      <file name="htmlFunctions.ts" path="C:\Users\carol\Medieinstitutet\Kurs-7-Testning\test-unittest-assignment-main\src\ts\htmlFunctions.ts">
        <metrics statements="20" coveredstatements="6" conditionals="3" coveredconditionals="0" methods="3" coveredmethods="1"/>
        <line num="2" count="2" type="stmt"/>
        <line num="4" count="2" type="stmt"/>
        <line num="5" count="2" type="stmt"/>
        <line num="7" count="2" type="stmt"/>
        <line num="11" count="2" type="stmt"/>
        <line num="13" count="0" type="stmt"/>
        <line num="14" count="0" type="stmt"/>
        <line num="16" count="0" type="cond" truecount="0" falsecount="1"/>
        <line num="17" count="0" type="stmt"/>
        <line num="20" count="0" type="stmt"/>
        <line num="21" count="0" type="stmt"/>
        <line num="22" count="0" type="stmt"/>
        <line num="23" count="0" type="stmt"/>
        <line num="26" count="0" type="stmt"/>
        <line num="30" count="2" type="stmt"/>
        <line num="31" count="0" type="stmt"/>
        <line num="35" count="0" type="stmt"/>
        <line num="37" count="0" type="cond" truecount="0" falsecount="2"/>
        <line num="38" count="0" type="stmt"/>
        <line num="40" count="0" type="stmt"/>
      </file>
      <file name="main.ts" path="C:\Users\carol\Medieinstitutet\Kurs-7-Testning\test-unittest-assignment-main\src\ts\main.ts">
        <metrics statements="23" coveredstatements="16" conditionals="4" coveredconditionals="4" methods="6" coveredmethods="2"/>
        <line num="1" count="2" type="stmt"/>
        <line num="2" count="2" type="stmt"/>
        <line num="4" count="2" type="stmt"/>
        <line num="5" count="2" type="stmt"/>
        <line num="7" count="2" type="cond" truecount="2" falsecount="0"/>
        <line num="9" count="2" type="stmt"/>
        <line num="10" count="0" type="stmt"/>
        <line num="13" count="2" type="stmt"/>
        <line num="16" count="0" type="stmt"/>
        <line num="19" count="0" type="stmt"/>
        <line num="22" count="0" type="stmt"/>
        <line num="27" count="2" type="stmt"/>
        <line num="28" count="2" type="stmt"/>
        <line num="30" count="2" type="cond" truecount="2" falsecount="0"/>
        <line num="31" count="1" type="stmt"/>
        <line num="33" count="1" type="stmt"/>
        <line num="38" count="2" type="stmt"/>
        <line num="39" count="3" type="stmt"/>
        <line num="40" count="3" type="stmt"/>
        <line num="44" count="0" type="stmt"/>
        <line num="45" count="0" type="stmt"/>
        <line num="48" count="2" type="stmt"/>
        <line num="49" count="0" type="stmt"/>
      </file>
    </package>
    <package name="ts.models">
      <metrics statements="2" coveredstatements="1" conditionals="0" coveredconditionals="0" methods="1" coveredmethods="0"/>
      <file name="todo.ts" path="C:\Users\carol\Medieinstitutet\Kurs-7-Testning\test-unittest-assignment-main\src\ts\models\todo.ts">
        <metrics statements="2" coveredstatements="1" conditionals="0" coveredconditionals="0" methods="1" coveredmethods="0"/>
        <line num="1" count="2" type="stmt"/>
        <line num="2" count="0" type="stmt"/>
      </file>
    </package>
  </project>
</coverage>
