{"C:\\Users\\carol\\Medieinstitutet\\Kurs-7-Testning\\test-unittest-assignment-main\\src\\ts\\functions.ts": {"path":"C:\\Users\\carol\\Medieinstitutet\\Kurs-7-Testning\\test-unittest-assignment-main\\src\\ts\\functions.ts","statementMap":{"0":{"start":{"line":2,"column":0},"end":{"line":2,"column":37}},"1":{"start":{"line":5,"column":2},"end":{"line":11,"column":3}},"2":{"start":{"line":6,"column":18},"end":{"line":6,"column":43}},"3":{"start":{"line":7,"column":4},"end":{"line":7,"column":24}},"4":{"start":{"line":8,"column":4},"end":{"line":8,"column":40}},"5":{"start":{"line":10,"column":4},"end":{"line":10,"column":74}},"6":{"start":{"line":4,"column":0},"end":{"line":4,"column":16}},"7":{"start":{"line":16,"column":2},"end":{"line":16,"column":25}},"8":{"start":{"line":15,"column":0},"end":{"line":15,"column":16}},"9":{"start":{"line":20,"column":2},"end":{"line":20,"column":32}},"10":{"start":{"line":19,"column":0},"end":{"line":19,"column":16}}},"fnMap":{"0":{"name":"addTodo","decl":{"start":{"line":4,"column":16},"end":{"line":4,"column":23}},"loc":{"start":{"line":4,"column":55},"end":{"line":12,"column":1}}},"1":{"name":"changeTodo","decl":{"start":{"line":15,"column":16},"end":{"line":15,"column":26}},"loc":{"start":{"line":15,"column":37},"end":{"line":17,"column":1}}},"2":{"name":"removeAllTodos","decl":{"start":{"line":19,"column":16},"end":{"line":19,"column":30}},"loc":{"start":{"line":19,"column":44},"end":{"line":21,"column":1}}}},"branchMap":{"0":{"loc":{"start":{"line":5,"column":2},"end":{"line":11,"column":3}},"type":"if","locations":[{"start":{"line":5,"column":2},"end":{"line":11,"column":3}},{"start":{"line":9,"column":9},"end":{"line":11,"column":3}}]}},"s":{"0":2,"1":0,"2":0,"3":0,"4":0,"5":0,"6":2,"7":2,"8":2,"9":0,"10":2},"f":{"0":0,"1":2,"2":0},"b":{"0":[0,0]}}
,"C:\\Users\\carol\\Medieinstitutet\\Kurs-7-Testning\\test-unittest-assignment-main\\src\\ts\\htmlFunctions.ts": {"path":"C:\\Users\\carol\\Medieinstitutet\\Kurs-7-Testning\\test-unittest-assignment-main\\src\\ts\\htmlFunctions.ts","statementMap":{"0":{"start":{"line":2,"column":0},"end":{"line":2,"column":36}},"1":{"start":{"line":5,"column":4},"end":{"line":5,"column":57}},"2":{"start":{"line":7,"column":43},"end":{"line":8,"column":null}},"3":{"start":{"line":11,"column":4},"end":{"line":11,"column":34}},"4":{"start":{"line":13,"column":4},"end":{"line":27,"column":5}},"5":{"start":{"line":13,"column":17},"end":{"line":13,"column":18}},"6":{"start":{"line":14,"column":30},"end":{"line":14,"column":58}},"7":{"start":{"line":16,"column":6},"end":{"line":18,"column":7}},"8":{"start":{"line":17,"column":8},"end":{"line":17,"column":45}},"9":{"start":{"line":20,"column":6},"end":{"line":20,"column":37}},"10":{"start":{"line":21,"column":6},"end":{"line":21,"column":35}},"11":{"start":{"line":22,"column":6},"end":{"line":24,"column":9}},"12":{"start":{"line":23,"column":8},"end":{"line":23,"column":29}},"13":{"start":{"line":26,"column":6},"end":{"line":26,"column":37}},"14":{"start":{"line":4,"column":0},"end":{"line":4,"column":16}},"15":{"start":{"line":31,"column":41},"end":{"line":32,"column":null}},"16":{"start":{"line":35,"column":4},"end":{"line":35,"column":37}},"17":{"start":{"line":37,"column":4},"end":{"line":41,"column":5}},"18":{"start":{"line":38,"column":6},"end":{"line":38,"column":43}},"19":{"start":{"line":40,"column":6},"end":{"line":40,"column":46}},"20":{"start":{"line":30,"column":2},"end":{"line":30,"column":18}}},"fnMap":{"0":{"name":"createHtml","decl":{"start":{"line":4,"column":16},"end":{"line":4,"column":26}},"loc":{"start":{"line":4,"column":40},"end":{"line":28,"column":3}}},"1":{"name":"(anonymous_1)","decl":{"start":{"line":22,"column":35},"end":{"line":22,"column":38}},"loc":{"start":{"line":22,"column":40},"end":{"line":24,"column":7}}},"2":{"name":"displayError","decl":{"start":{"line":30,"column":18},"end":{"line":30,"column":30}},"loc":{"start":{"line":30,"column":59},"end":{"line":42,"column":3}}}},"branchMap":{"0":{"loc":{"start":{"line":16,"column":6},"end":{"line":18,"column":7}},"type":"if","locations":[{"start":{"line":16,"column":6},"end":{"line":18,"column":7}}]},"1":{"loc":{"start":{"line":37,"column":4},"end":{"line":41,"column":5}},"type":"if","locations":[{"start":{"line":37,"column":4},"end":{"line":41,"column":5}},{"start":{"line":39,"column":11},"end":{"line":41,"column":5}}]}},"s":{"0":2,"1":2,"2":2,"3":2,"4":0,"5":0,"6":0,"7":0,"8":0,"9":0,"10":0,"11":0,"12":0,"13":0,"14":2,"15":0,"16":0,"17":0,"18":0,"19":0,"20":2},"f":{"0":2,"1":0,"2":0},"b":{"0":[0],"1":[0,0]}}
,"C:\\Users\\carol\\Medieinstitutet\\Kurs-7-Testning\\test-unittest-assignment-main\\src\\ts\\main.ts": {"path":"C:\\Users\\carol\\Medieinstitutet\\Kurs-7-Testning\\test-unittest-assignment-main\\src\\ts\\main.ts","statementMap":{"0":{"start":{"line":1,"column":0},"end":{"line":1,"column":31}},"1":{"start":{"line":2,"column":0},"end":{"line":2,"column":66}},"2":{"start":{"line":4,"column":0},"end":{"line":4,"column":45}},"3":{"start":{"line":5,"column":0},"end":{"line":5,"column":47}},"4":{"start":{"line":7,"column":20},"end":{"line":7,"column":69}},"5":{"start":{"line":9,"column":0},"end":{"line":11,"column":3}},"6":{"start":{"line":10,"column":2},"end":{"line":10,"column":20}},"7":{"start":{"line":13,"column":1},"end":{"line":24,"column":2}},"8":{"start":{"line":16,"column":4},"end":{"line":16,"column":23}},"9":{"start":{"line":19,"column":6},"end":{"line":20,"column":11}},"10":{"start":{"line":22,"column":4},"end":{"line":22,"column":35}},"11":{"start":{"line":28,"column":15},"end":{"line":28,"column":39}},"12":{"start":{"line":30,"column":2},"end":{"line":34,"column":3}},"13":{"start":{"line":31,"column":4},"end":{"line":31,"column":22}},"14":{"start":{"line":33,"column":4},"end":{"line":33,"column":37}},"15":{"start":{"line":27,"column":0},"end":{"line":27,"column":16}},"16":{"start":{"line":39,"column":2},"end":{"line":39,"column":19}},"17":{"start":{"line":40,"column":2},"end":{"line":40,"column":20}},"18":{"start":{"line":38,"column":0},"end":{"line":38,"column":16}},"19":{"start":{"line":44,"column":2},"end":{"line":44,"column":24}},"20":{"start":{"line":45,"column":2},"end":{"line":45,"column":20}},"21":{"start":{"line":48,"column":0},"end":{"line":50,"column":null}},"22":{"start":{"line":49,"column":2},"end":{"line":49,"column":20}}},"fnMap":{"0":{"name":"(anonymous_0)","decl":{"start":{"line":9,"column":65},"end":{"line":9,"column":68}},"loc":{"start":{"line":9,"column":70},"end":{"line":11,"column":1}}},"1":{"name":"(anonymous_1)","decl":{"start":{"line":15,"column":2},"end":{"line":15,"column":3}},"loc":{"start":{"line":15,"column":21},"end":{"line":23,"column":3}}},"2":{"name":"createNewTodo","decl":{"start":{"line":27,"column":16},"end":{"line":27,"column":29}},"loc":{"start":{"line":27,"column":61},"end":{"line":35,"column":1}}},"3":{"name":"toggleTodo","decl":{"start":{"line":38,"column":16},"end":{"line":38,"column":26}},"loc":{"start":{"line":38,"column":37},"end":{"line":41,"column":1}}},"4":{"name":"clearTodos","decl":{"start":{"line":43,"column":9},"end":{"line":43,"column":19}},"loc":{"start":{"line":43,"column":33},"end":{"line":46,"column":1}}},"5":{"name":"(anonymous_5)","decl":{"start":{"line":48,"column":16},"end":{"line":48,"column":19}},"loc":{"start":{"line":48,"column":21},"end":{"line":50,"column":1}}}},"branchMap":{"0":{"loc":{"start":{"line":7,"column":31},"end":{"line":7,"column":68}},"type":"binary-expr","locations":[{"start":{"line":7,"column":31},"end":{"line":7,"column":60}},{"start":{"line":7,"column":64},"end":{"line":7,"column":68}}]},"1":{"loc":{"start":{"line":30,"column":2},"end":{"line":34,"column":3}},"type":"if","locations":[{"start":{"line":30,"column":2},"end":{"line":34,"column":3}},{"start":{"line":32,"column":9},"end":{"line":34,"column":3}}]}},"s":{"0":2,"1":2,"2":2,"3":2,"4":2,"5":2,"6":0,"7":2,"8":0,"9":0,"10":0,"11":2,"12":2,"13":1,"14":1,"15":2,"16":3,"17":3,"18":2,"19":0,"20":0,"21":2,"22":0},"f":{"0":0,"1":0,"2":2,"3":3,"4":0,"5":0},"b":{"0":[2,2],"1":[1,1]}}
,"C:\\Users\\carol\\Medieinstitutet\\Kurs-7-Testning\\test-unittest-assignment-main\\src\\ts\\models\\todo.ts": {"path":"C:\\Users\\carol\\Medieinstitutet\\Kurs-7-Testning\\test-unittest-assignment-main\\src\\ts\\models\\todo.ts","statementMap":{"0":{"start":{"line":2,"column":14},"end":{"line":2,"column":35}},"1":{"start":{"line":2,"column":35},"end":{"line":2,"column":58}},"2":{"start":{"line":1,"column":0},"end":{"line":1,"column":13}}},"fnMap":{"0":{"name":"(anonymous_0)","decl":{"start":{"line":2,"column":2},"end":{"line":2,"column":14}},"loc":{"start":{"line":2,"column":55},"end":{"line":2,"column":59}}}},"branchMap":{},"s":{"0":0,"1":0,"2":2},"f":{"0":0},"b":{}}
}
