TN:
SF:src\ts\functions.ts
FN:4,addTodo
FN:15,changeTodo
FN:20,removeAllTodos
FNF:3
FNH:3
FNDA:2,addTodo
FNDA:2,changeTodo
FNDA:1,removeAllTodos
DA:2,2
DA:4,2
DA:5,2
DA:6,1
DA:7,1
DA:8,1
DA:10,1
DA:15,2
DA:16,2
DA:20,2
DA:21,1
LF:11
LH:11
BRDA:5,0,0,1
BRDA:5,0,1,1
BRF:2
BRH:2
end_of_record
TN:
SF:src\ts\htmlFunctions.ts
FN:4,createHtml
FN:22,(anonymous_1)
FN:30,displayError
FNF:3
FNH:1
FNDA:2,createHtml
FNDA:0,(anonymous_1)
FNDA:0,displayError
DA:2,2
DA:4,2
DA:5,2
DA:7,2
DA:11,2
DA:13,2
DA:14,0
DA:16,0
DA:17,0
DA:20,0
DA:21,0
DA:22,0
DA:23,0
DA:26,0
DA:30,2
DA:31,0
DA:35,0
DA:37,0
DA:38,0
DA:40,0
LF:20
LH:7
BRDA:16,0,0,0
BRDA:37,1,0,0
BRDA:37,1,1,0
BRF:3
BRH:0
end_of_record
TN:
SF:src\ts\main.ts
FN:9,(anonymous_0)
FN:15,(anonymous_1)
FN:27,createNewTodo
FN:38,toggleTodo
FN:44,clearTodos
FN:49,(anonymous_5)
FNF:6
FNH:3
FNDA:0,(anonymous_0)
FNDA:0,(anonymous_1)
FNDA:2,createNewTodo
FNDA:3,toggleTodo
FNDA:1,clearTodos
FNDA:0,(anonymous_5)
DA:1,2
DA:2,2
DA:4,2
DA:5,2
DA:7,2
DA:9,2
DA:10,0
DA:13,2
DA:16,0
DA:19,0
DA:22,0
DA:27,2
DA:28,2
DA:30,2
DA:31,1
DA:33,1
DA:38,2
DA:39,3
DA:40,3
DA:44,2
DA:45,1
DA:46,1
DA:49,2
DA:50,0
LF:24
LH:19
BRDA:7,0,0,2
BRDA:7,0,1,2
BRDA:30,1,0,1
BRDA:30,1,1,1
BRF:4
BRH:4
end_of_record
TN:
SF:src\ts\models\todo.ts
FN:2,(anonymous_0)
FNF:1
FNH:1
FNDA:1,(anonymous_0)
DA:1,2
DA:2,1
LF:2
LH:2
BRF:0
BRH:0
end_of_record
